<?xml version="1.0" encoding="UTF-8"?>
<!-- Generated by org.testng.reporters.JUnitXMLReporter -->
<testsuite hostname="E0261565" ignored="0" name="High level Test" tests="5" failures="1" timestamp="21 May 2018 09:59:02 GMT" time="181.806" errors="0">
  <testcase name="verifylaunchpageElements" time="8.19" classname="com.komoot.testcases.TC001_WelcomePageUITest"/>
  <testcase name="verifyValidUserLogInAndScreenElements" time="19.904" classname="com.komoot.testcases.TC002_ValidUserLoginTest"/>
  <testcase name="verifyHomepageUITest" time="27.508" classname="com.komoot.testcases.TC003_HomepageUITest"/>
  <testcase name="verifyUserProfileVerification" time="25.611" classname="com.komoot.testcases.TC004_UserProfileVerificationTest"/>
  <testcase name="verifySearchTourTest" time="3.232" classname="com.komoot.testcases.TC005_SeacrhTourAndLogoutTest">
    <failure type="java.lang.NullPointerException">
      <![CDATA[java.lang.NullPointerException
	at com.komoot.TestBase.TestBase.getTestData(TestBase.java:196)
	at com.komoot.testcases.TC005_SeacrhTourAndLogoutTest.verifySearchTourTest(TC005_SeacrhTourAndLogoutTest.java:30)
... Removed 28 stack frames]]>
    </failure>
  </testcase> <!-- verifySearchTourTest -->
</testsuite> <!-- High level Test -->
