<?xml version="1.0" encoding="UTF-8"?>
<!-- Generated by org.testng.reporters.JUnitXMLReporter -->
<testsuite hostname="E0261565" ignored="0" name="High level Test" tests="5" failures="0" timestamp="21 May 2018 10:18:55 GMT" time="236.013" errors="0">
  <testcase name="verifylaunchpageElements" time="7.014" classname="com.komoot.testcases.TC001_WelcomePageUITest"/>
  <testcase name="verifyValidUserLogInAndScreenElements" time="24.262" classname="com.komoot.testcases.TC002_ValidUserLoginTest"/>
  <testcase name="verifyHomepageUITest" time="29.264" classname="com.komoot.testcases.TC003_HomepageUITest"/>
  <testcase name="verifyUserProfileVerification" time="27.345" classname="com.komoot.testcases.TC004_UserProfileVerificationTest"/>
  <testcase name="verifySearchTourTest" time="51.515" classname="com.komoot.testcases.TC005_SeacrhTourAndLogoutTest"/>
</testsuite> <!-- High level Test -->
