<?xml version="1.0" encoding="UTF-8"?>
<testng-results skipped="0" failed="0" ignored="0" total="5" passed="5">
  <reporter-output>
  </reporter-output>
  <suite name="Smoke Test Suite" duration-ms="236013" started-at="2018-05-21T10:14:59Z" finished-at="2018-05-21T10:18:55Z">
    <groups>
    </groups>
    <test name="High level Test" duration-ms="236013" started-at="2018-05-21T10:14:59Z" finished-at="2018-05-21T10:18:55Z">
      <class name="com.komoot.testcases.TC001_WelcomePageUITest">
        <test-method status="PASS" signature="beforeClass_ExtentReport()[pri:0, instance:com.komoot.testcases.TC001_WelcomePageUITest@32d992b2]" name="beforeClass_ExtentReport" is-config="true" duration-ms="18032" started-at="2018-05-21T12:14:59Z" finished-at="2018-05-21T12:15:17Z">
          <reporter-output>
          </reporter-output>
        </test-method> <!-- beforeClass_ExtentReport -->
        <test-method status="PASS" signature="initClient_ExtentReport(java.lang.reflect.Method)[pri:0, instance:com.komoot.testcases.TC001_WelcomePageUITest@32d992b2]" name="initClient_ExtentReport" is-config="true" duration-ms="2" started-at="2018-05-21T12:15:17Z" finished-at="2018-05-21T12:15:17Z">
          <params>
            <param index="0">
              <value>
                <![CDATA[public void com.komoot.testcases.TC001_WelcomePageUITest.verifylaunchpageElements()]]>
              </value>
            </param>
          </params>
          <reporter-output>
          </reporter-output>
        </test-method> <!-- initClient_ExtentReport -->
        <test-method status="PASS" signature="verifylaunchpageElements()[pri:0, instance:com.komoot.testcases.TC001_WelcomePageUITest@32d992b2]" name="verifylaunchpageElements" duration-ms="7014" started-at="2018-05-21T12:15:17Z" finished-at="2018-05-21T12:15:24Z">
          <reporter-output>
          </reporter-output>
        </test-method> <!-- verifylaunchpageElements -->
        <test-method status="PASS" signature="tearDown_ExtentReport(org.testng.ITestResult)[pri:0, instance:com.komoot.testcases.TC001_WelcomePageUITest@32d992b2]" name="tearDown_ExtentReport" is-config="true" duration-ms="3238" started-at="2018-05-21T12:15:24Z" finished-at="2018-05-21T12:15:27Z">
          <params>
            <param index="0">
              <value>
                <![CDATA[[TestResult name=verifylaunchpageElements status=SUCCESS method=TC001_WelcomePageUITest.verifylaunchpageElements()[pri:0, instance:com.komoot.testcases.TC001_WelcomePageUITest@32d992b2] output={null}]]]>
              </value>
            </param>
          </params>
          <reporter-output>
          </reporter-output>
        </test-method> <!-- tearDown_ExtentReport -->
        <test-method status="PASS" signature="postTestRun()[pri:0, instance:com.komoot.testcases.TC001_WelcomePageUITest@32d992b2]" name="postTestRun" is-config="true" duration-ms="103" started-at="2018-05-21T12:15:27Z" finished-at="2018-05-21T12:15:27Z">
          <reporter-output>
          </reporter-output>
        </test-method> <!-- postTestRun -->
      </class> <!-- com.komoot.testcases.TC001_WelcomePageUITest -->
      <class name="com.komoot.testcases.TC004_UserProfileVerificationTest">
        <test-method status="PASS" signature="beforeClass_ExtentReport()[pri:0, instance:com.komoot.testcases.TC004_UserProfileVerificationTest@5dfcfece]" name="beforeClass_ExtentReport" is-config="true" duration-ms="16614" started-at="2018-05-21T12:16:58Z" finished-at="2018-05-21T12:17:15Z">
          <reporter-output>
          </reporter-output>
        </test-method> <!-- beforeClass_ExtentReport -->
        <test-method status="PASS" signature="initClient_ExtentReport(java.lang.reflect.Method)[pri:0, instance:com.komoot.testcases.TC004_UserProfileVerificationTest@5dfcfece]" name="initClient_ExtentReport" is-config="true" duration-ms="0" started-at="2018-05-21T12:17:15Z" finished-at="2018-05-21T12:17:15Z">
          <params>
            <param index="0">
              <value>
                <![CDATA[public void com.komoot.testcases.TC004_UserProfileVerificationTest.verifyUserProfileVerification() throws java.io.FileNotFoundException]]>
              </value>
            </param>
          </params>
          <reporter-output>
          </reporter-output>
        </test-method> <!-- initClient_ExtentReport -->
        <test-method status="PASS" signature="verifyUserProfileVerification()[pri:0, instance:com.komoot.testcases.TC004_UserProfileVerificationTest@5dfcfece]" name="verifyUserProfileVerification" duration-ms="27345" started-at="2018-05-21T12:17:15Z" finished-at="2018-05-21T12:17:42Z">
          <reporter-output>
          </reporter-output>
        </test-method> <!-- verifyUserProfileVerification -->
        <test-method status="PASS" signature="tearDown_ExtentReport(org.testng.ITestResult)[pri:0, instance:com.komoot.testcases.TC004_UserProfileVerificationTest@5dfcfece]" name="tearDown_ExtentReport" is-config="true" duration-ms="2760" started-at="2018-05-21T12:17:42Z" finished-at="2018-05-21T12:17:45Z">
          <params>
            <param index="0">
              <value>
                <![CDATA[[TestResult name=verifyUserProfileVerification status=SUCCESS method=TC004_UserProfileVerificationTest.verifyUserProfileVerification()[pri:0, instance:com.komoot.testcases.TC004_UserProfileVerificationTest@5dfcfece] output={null}]]]>
              </value>
            </param>
          </params>
          <reporter-output>
          </reporter-output>
        </test-method> <!-- tearDown_ExtentReport -->
        <test-method status="PASS" signature="postTestRun()[pri:0, instance:com.komoot.testcases.TC004_UserProfileVerificationTest@5dfcfece]" name="postTestRun" is-config="true" duration-ms="52" started-at="2018-05-21T12:17:45Z" finished-at="2018-05-21T12:17:45Z">
          <reporter-output>
          </reporter-output>
        </test-method> <!-- postTestRun -->
      </class> <!-- com.komoot.testcases.TC004_UserProfileVerificationTest -->
      <class name="com.komoot.testcases.TC002_ValidUserLoginTest">
        <test-method status="PASS" signature="beforeClass_ExtentReport()[pri:0, instance:com.komoot.testcases.TC002_ValidUserLoginTest@215be6bb]" name="beforeClass_ExtentReport" is-config="true" duration-ms="16005" started-at="2018-05-21T12:15:27Z" finished-at="2018-05-21T12:15:43Z">
          <reporter-output>
          </reporter-output>
        </test-method> <!-- beforeClass_ExtentReport -->
        <test-method status="PASS" signature="initClient_ExtentReport(java.lang.reflect.Method)[pri:0, instance:com.komoot.testcases.TC002_ValidUserLoginTest@215be6bb]" name="initClient_ExtentReport" is-config="true" duration-ms="1" started-at="2018-05-21T12:15:43Z" finished-at="2018-05-21T12:15:43Z">
          <params>
            <param index="0">
              <value>
                <![CDATA[public void com.komoot.testcases.TC002_ValidUserLoginTest.verifyValidUserLogInAndScreenElements() throws java.io.FileNotFoundException]]>
              </value>
            </param>
          </params>
          <reporter-output>
          </reporter-output>
        </test-method> <!-- initClient_ExtentReport -->
        <test-method status="PASS" signature="verifyValidUserLogInAndScreenElements()[pri:0, instance:com.komoot.testcases.TC002_ValidUserLoginTest@215be6bb]" name="verifyValidUserLogInAndScreenElements" duration-ms="24262" started-at="2018-05-21T12:15:43Z" finished-at="2018-05-21T12:16:07Z">
          <reporter-output>
          </reporter-output>
        </test-method> <!-- verifyValidUserLogInAndScreenElements -->
        <test-method status="PASS" signature="tearDown_ExtentReport(org.testng.ITestResult)[pri:0, instance:com.komoot.testcases.TC002_ValidUserLoginTest@215be6bb]" name="tearDown_ExtentReport" is-config="true" duration-ms="2668" started-at="2018-05-21T12:16:07Z" finished-at="2018-05-21T12:16:10Z">
          <params>
            <param index="0">
              <value>
                <![CDATA[[TestResult name=verifyValidUserLogInAndScreenElements status=SUCCESS method=TC002_ValidUserLoginTest.verifyValidUserLogInAndScreenElements()[pri:0, instance:com.komoot.testcases.TC002_ValidUserLoginTest@215be6bb] output={null}]]]>
              </value>
            </param>
          </params>
          <reporter-output>
          </reporter-output>
        </test-method> <!-- tearDown_ExtentReport -->
        <test-method status="PASS" signature="postTestRun()[pri:0, instance:com.komoot.testcases.TC002_ValidUserLoginTest@215be6bb]" name="postTestRun" is-config="true" duration-ms="48" started-at="2018-05-21T12:16:10Z" finished-at="2018-05-21T12:16:10Z">
          <reporter-output>
          </reporter-output>
        </test-method> <!-- postTestRun -->
      </class> <!-- com.komoot.testcases.TC002_ValidUserLoginTest -->
      <class name="com.komoot.testcases.TC005_SeacrhTourAndLogoutTest">
        <test-method status="PASS" signature="beforeClass_ExtentReport()[pri:0, instance:com.komoot.testcases.TC005_SeacrhTourAndLogoutTest@23ceabc1]" name="beforeClass_ExtentReport" is-config="true" duration-ms="15642" started-at="2018-05-21T12:17:45Z" finished-at="2018-05-21T12:18:00Z">
          <reporter-output>
          </reporter-output>
        </test-method> <!-- beforeClass_ExtentReport -->
        <test-method status="PASS" signature="initClient_ExtentReport(java.lang.reflect.Method)[pri:0, instance:com.komoot.testcases.TC005_SeacrhTourAndLogoutTest@23ceabc1]" name="initClient_ExtentReport" is-config="true" duration-ms="0" started-at="2018-05-21T12:18:00Z" finished-at="2018-05-21T12:18:00Z">
          <params>
            <param index="0">
              <value>
                <![CDATA[public void com.komoot.testcases.TC005_SeacrhTourAndLogoutTest.verifySearchTourTest() throws java.io.FileNotFoundException]]>
              </value>
            </param>
          </params>
          <reporter-output>
          </reporter-output>
        </test-method> <!-- initClient_ExtentReport -->
        <test-method status="PASS" signature="verifySearchTourTest()[pri:0, instance:com.komoot.testcases.TC005_SeacrhTourAndLogoutTest@23ceabc1]" name="verifySearchTourTest" duration-ms="51515" started-at="2018-05-21T12:18:00Z" finished-at="2018-05-21T12:18:52Z">
          <reporter-output>
          </reporter-output>
        </test-method> <!-- verifySearchTourTest -->
        <test-method status="PASS" signature="tearDown_ExtentReport(org.testng.ITestResult)[pri:0, instance:com.komoot.testcases.TC005_SeacrhTourAndLogoutTest@23ceabc1]" name="tearDown_ExtentReport" is-config="true" duration-ms="2824" started-at="2018-05-21T12:18:52Z" finished-at="2018-05-21T12:18:55Z">
          <params>
            <param index="0">
              <value>
                <![CDATA[[TestResult name=verifySearchTourTest status=SUCCESS method=TC005_SeacrhTourAndLogoutTest.verifySearchTourTest()[pri:0, instance:com.komoot.testcases.TC005_SeacrhTourAndLogoutTest@23ceabc1] output={null}]]]>
              </value>
            </param>
          </params>
          <reporter-output>
          </reporter-output>
        </test-method> <!-- tearDown_ExtentReport -->
        <test-method status="PASS" signature="postTestRun()[pri:0, instance:com.komoot.testcases.TC005_SeacrhTourAndLogoutTest@23ceabc1]" name="postTestRun" is-config="true" duration-ms="44" started-at="2018-05-21T12:18:55Z" finished-at="2018-05-21T12:18:55Z">
          <reporter-output>
          </reporter-output>
        </test-method> <!-- postTestRun -->
      </class> <!-- com.komoot.testcases.TC005_SeacrhTourAndLogoutTest -->
      <class name="com.komoot.testcases.TC003_HomepageUITest">
        <test-method status="PASS" signature="beforeClass_ExtentReport()[pri:0, instance:com.komoot.testcases.TC003_HomepageUITest@4439f31e]" name="beforeClass_ExtentReport" is-config="true" duration-ms="15678" started-at="2018-05-21T12:16:10Z" finished-at="2018-05-21T12:16:26Z">
          <reporter-output>
          </reporter-output>
        </test-method> <!-- beforeClass_ExtentReport -->
        <test-method status="PASS" signature="initClient_ExtentReport(java.lang.reflect.Method)[pri:0, instance:com.komoot.testcases.TC003_HomepageUITest@4439f31e]" name="initClient_ExtentReport" is-config="true" duration-ms="0" started-at="2018-05-21T12:16:26Z" finished-at="2018-05-21T12:16:26Z">
          <params>
            <param index="0">
              <value>
                <![CDATA[public void com.komoot.testcases.TC003_HomepageUITest.verifyHomepageUITest() throws java.lang.InterruptedException,java.io.FileNotFoundException]]>
              </value>
            </param>
          </params>
          <reporter-output>
          </reporter-output>
        </test-method> <!-- initClient_ExtentReport -->
        <test-method status="PASS" signature="verifyHomepageUITest()[pri:0, instance:com.komoot.testcases.TC003_HomepageUITest@4439f31e]" name="verifyHomepageUITest" duration-ms="29264" started-at="2018-05-21T12:16:26Z" finished-at="2018-05-21T12:16:55Z">
          <reporter-output>
          </reporter-output>
        </test-method> <!-- verifyHomepageUITest -->
        <test-method status="PASS" signature="tearDown_ExtentReport(org.testng.ITestResult)[pri:0, instance:com.komoot.testcases.TC003_HomepageUITest@4439f31e]" name="tearDown_ExtentReport" is-config="true" duration-ms="2812" started-at="2018-05-21T12:16:55Z" finished-at="2018-05-21T12:16:58Z">
          <params>
            <param index="0">
              <value>
                <![CDATA[[TestResult name=verifyHomepageUITest status=SUCCESS method=TC003_HomepageUITest.verifyHomepageUITest()[pri:0, instance:com.komoot.testcases.TC003_HomepageUITest@4439f31e] output={null}]]]>
              </value>
            </param>
          </params>
          <reporter-output>
          </reporter-output>
        </test-method> <!-- tearDown_ExtentReport -->
        <test-method status="PASS" signature="postTestRun()[pri:0, instance:com.komoot.testcases.TC003_HomepageUITest@4439f31e]" name="postTestRun" is-config="true" duration-ms="58" started-at="2018-05-21T12:16:58Z" finished-at="2018-05-21T12:16:58Z">
          <reporter-output>
          </reporter-output>
        </test-method> <!-- postTestRun -->
      </class> <!-- com.komoot.testcases.TC003_HomepageUITest -->
    </test> <!-- High level Test -->
  </suite> <!-- Smoke Test Suite -->
</testng-results>
