<?xml version="1.0" encoding="UTF-8"?>
<testng-results skipped="0" failed="1" ignored="0" total="5" passed="4">
  <reporter-output>
  </reporter-output>
  <suite name="Smoke Test Suite" duration-ms="181806" started-at="2018-05-21T09:56:00Z" finished-at="2018-05-21T09:59:02Z">
    <groups>
    </groups>
    <test name="High level Test" duration-ms="181806" started-at="2018-05-21T09:56:00Z" finished-at="2018-05-21T09:59:02Z">
      <class name="com.komoot.testcases.TC001_WelcomePageUITest">
        <test-method status="PASS" signature="beforeClass_ExtentReport()[pri:0, instance:com.komoot.testcases.TC001_WelcomePageUITest@32d992b2]" name="beforeClass_ExtentReport" is-config="true" duration-ms="17125" started-at="2018-05-21T11:56:00Z" finished-at="2018-05-21T11:56:17Z">
          <reporter-output>
          </reporter-output>
        </test-method> <!-- beforeClass_ExtentReport -->
        <test-method status="PASS" signature="initClient_ExtentReport(java.lang.reflect.Method)[pri:0, instance:com.komoot.testcases.TC001_WelcomePageUITest@32d992b2]" name="initClient_ExtentReport" is-config="true" duration-ms="12" started-at="2018-05-21T11:56:17Z" finished-at="2018-05-21T11:56:17Z">
          <params>
            <param index="0">
              <value>
                <![CDATA[public void com.komoot.testcases.TC001_WelcomePageUITest.verifylaunchpageElements()]]>
              </value>
            </param>
          </params>
          <reporter-output>
          </reporter-output>
        </test-method> <!-- initClient_ExtentReport -->
        <test-method status="PASS" signature="verifylaunchpageElements()[pri:0, instance:com.komoot.testcases.TC001_WelcomePageUITest@32d992b2]" name="verifylaunchpageElements" duration-ms="8190" started-at="2018-05-21T11:56:17Z" finished-at="2018-05-21T11:56:25Z">
          <reporter-output>
          </reporter-output>
        </test-method> <!-- verifylaunchpageElements -->
        <test-method status="PASS" signature="tearDown_ExtentReport(org.testng.ITestResult)[pri:0, instance:com.komoot.testcases.TC001_WelcomePageUITest@32d992b2]" name="tearDown_ExtentReport" is-config="true" duration-ms="3427" started-at="2018-05-21T11:56:25Z" finished-at="2018-05-21T11:56:29Z">
          <params>
            <param index="0">
              <value>
                <![CDATA[[TestResult name=verifylaunchpageElements status=SUCCESS method=TC001_WelcomePageUITest.verifylaunchpageElements()[pri:0, instance:com.komoot.testcases.TC001_WelcomePageUITest@32d992b2] output={null}]]]>
              </value>
            </param>
          </params>
          <reporter-output>
          </reporter-output>
        </test-method> <!-- tearDown_ExtentReport -->
        <test-method status="PASS" signature="postTestRun()[pri:0, instance:com.komoot.testcases.TC001_WelcomePageUITest@32d992b2]" name="postTestRun" is-config="true" duration-ms="102" started-at="2018-05-21T11:56:29Z" finished-at="2018-05-21T11:56:29Z">
          <reporter-output>
          </reporter-output>
        </test-method> <!-- postTestRun -->
      </class> <!-- com.komoot.testcases.TC001_WelcomePageUITest -->
      <class name="com.komoot.testcases.TC004_UserProfileVerificationTest">
        <test-method status="PASS" signature="beforeClass_ExtentReport()[pri:0, instance:com.komoot.testcases.TC004_UserProfileVerificationTest@5dfcfece]" name="beforeClass_ExtentReport" is-config="true" duration-ms="15689" started-at="2018-05-21T11:57:56Z" finished-at="2018-05-21T11:58:11Z">
          <reporter-output>
          </reporter-output>
        </test-method> <!-- beforeClass_ExtentReport -->
        <test-method status="PASS" signature="verifyUserProfileVerification()[pri:0, instance:com.komoot.testcases.TC004_UserProfileVerificationTest@5dfcfece]" name="verifyUserProfileVerification" duration-ms="25611" started-at="2018-05-21T11:58:11Z" finished-at="2018-05-21T11:58:37Z">
          <reporter-output>
          </reporter-output>
        </test-method> <!-- verifyUserProfileVerification -->
        <test-method status="PASS" signature="initClient_ExtentReport(java.lang.reflect.Method)[pri:0, instance:com.komoot.testcases.TC004_UserProfileVerificationTest@5dfcfece]" name="initClient_ExtentReport" is-config="true" duration-ms="0" started-at="2018-05-21T11:58:11Z" finished-at="2018-05-21T11:58:11Z">
          <params>
            <param index="0">
              <value>
                <![CDATA[public void com.komoot.testcases.TC004_UserProfileVerificationTest.verifyUserProfileVerification() throws java.io.FileNotFoundException]]>
              </value>
            </param>
          </params>
          <reporter-output>
          </reporter-output>
        </test-method> <!-- initClient_ExtentReport -->
        <test-method status="PASS" signature="tearDown_ExtentReport(org.testng.ITestResult)[pri:0, instance:com.komoot.testcases.TC004_UserProfileVerificationTest@5dfcfece]" name="tearDown_ExtentReport" is-config="true" duration-ms="2837" started-at="2018-05-21T11:58:37Z" finished-at="2018-05-21T11:58:40Z">
          <params>
            <param index="0">
              <value>
                <![CDATA[[TestResult name=verifyUserProfileVerification status=SUCCESS method=TC004_UserProfileVerificationTest.verifyUserProfileVerification()[pri:0, instance:com.komoot.testcases.TC004_UserProfileVerificationTest@5dfcfece] output={null}]]]>
              </value>
            </param>
          </params>
          <reporter-output>
          </reporter-output>
        </test-method> <!-- tearDown_ExtentReport -->
        <test-method status="PASS" signature="postTestRun()[pri:0, instance:com.komoot.testcases.TC004_UserProfileVerificationTest@5dfcfece]" name="postTestRun" is-config="true" duration-ms="64" started-at="2018-05-21T11:58:40Z" finished-at="2018-05-21T11:58:40Z">
          <reporter-output>
          </reporter-output>
        </test-method> <!-- postTestRun -->
      </class> <!-- com.komoot.testcases.TC004_UserProfileVerificationTest -->
      <class name="com.komoot.testcases.TC002_ValidUserLoginTest">
        <test-method status="PASS" signature="beforeClass_ExtentReport()[pri:0, instance:com.komoot.testcases.TC002_ValidUserLoginTest@215be6bb]" name="beforeClass_ExtentReport" is-config="true" duration-ms="17382" started-at="2018-05-21T11:56:29Z" finished-at="2018-05-21T11:56:46Z">
          <reporter-output>
          </reporter-output>
        </test-method> <!-- beforeClass_ExtentReport -->
        <test-method status="PASS" signature="initClient_ExtentReport(java.lang.reflect.Method)[pri:0, instance:com.komoot.testcases.TC002_ValidUserLoginTest@215be6bb]" name="initClient_ExtentReport" is-config="true" duration-ms="1" started-at="2018-05-21T11:56:46Z" finished-at="2018-05-21T11:56:46Z">
          <params>
            <param index="0">
              <value>
                <![CDATA[public void com.komoot.testcases.TC002_ValidUserLoginTest.verifyValidUserLogInAndScreenElements() throws java.io.FileNotFoundException]]>
              </value>
            </param>
          </params>
          <reporter-output>
          </reporter-output>
        </test-method> <!-- initClient_ExtentReport -->
        <test-method status="PASS" signature="verifyValidUserLogInAndScreenElements()[pri:0, instance:com.komoot.testcases.TC002_ValidUserLoginTest@215be6bb]" name="verifyValidUserLogInAndScreenElements" duration-ms="19904" started-at="2018-05-21T11:56:46Z" finished-at="2018-05-21T11:57:06Z">
          <reporter-output>
          </reporter-output>
        </test-method> <!-- verifyValidUserLogInAndScreenElements -->
        <test-method status="PASS" signature="tearDown_ExtentReport(org.testng.ITestResult)[pri:0, instance:com.komoot.testcases.TC002_ValidUserLoginTest@215be6bb]" name="tearDown_ExtentReport" is-config="true" duration-ms="2897" started-at="2018-05-21T11:57:06Z" finished-at="2018-05-21T11:57:09Z">
          <params>
            <param index="0">
              <value>
                <![CDATA[[TestResult name=verifyValidUserLogInAndScreenElements status=SUCCESS method=TC002_ValidUserLoginTest.verifyValidUserLogInAndScreenElements()[pri:0, instance:com.komoot.testcases.TC002_ValidUserLoginTest@215be6bb] output={null}]]]>
              </value>
            </param>
          </params>
          <reporter-output>
          </reporter-output>
        </test-method> <!-- tearDown_ExtentReport -->
        <test-method status="PASS" signature="postTestRun()[pri:0, instance:com.komoot.testcases.TC002_ValidUserLoginTest@215be6bb]" name="postTestRun" is-config="true" duration-ms="84" started-at="2018-05-21T11:57:09Z" finished-at="2018-05-21T11:57:09Z">
          <reporter-output>
          </reporter-output>
        </test-method> <!-- postTestRun -->
      </class> <!-- com.komoot.testcases.TC002_ValidUserLoginTest -->
      <class name="com.komoot.testcases.TC005_SeacrhTourAndLogoutTest">
        <test-method status="PASS" signature="beforeClass_ExtentReport()[pri:0, instance:com.komoot.testcases.TC005_SeacrhTourAndLogoutTest@23ceabc1]" name="beforeClass_ExtentReport" is-config="true" duration-ms="15654" started-at="2018-05-21T11:58:40Z" finished-at="2018-05-21T11:58:56Z">
          <reporter-output>
          </reporter-output>
        </test-method> <!-- beforeClass_ExtentReport -->
        <test-method status="PASS" signature="initClient_ExtentReport(java.lang.reflect.Method)[pri:0, instance:com.komoot.testcases.TC005_SeacrhTourAndLogoutTest@23ceabc1]" name="initClient_ExtentReport" is-config="true" duration-ms="0" started-at="2018-05-21T11:58:56Z" finished-at="2018-05-21T11:58:56Z">
          <params>
            <param index="0">
              <value>
                <![CDATA[public void com.komoot.testcases.TC005_SeacrhTourAndLogoutTest.verifySearchTourTest() throws java.io.FileNotFoundException]]>
              </value>
            </param>
          </params>
          <reporter-output>
          </reporter-output>
        </test-method> <!-- initClient_ExtentReport -->
        <test-method status="FAIL" signature="verifySearchTourTest()[pri:0, instance:com.komoot.testcases.TC005_SeacrhTourAndLogoutTest@23ceabc1]" name="verifySearchTourTest" duration-ms="3232" started-at="2018-05-21T11:58:56Z" finished-at="2018-05-21T11:58:59Z">
          <exception class="java.lang.NullPointerException">
            <full-stacktrace>
              <![CDATA[java.lang.NullPointerException
	at com.komoot.TestBase.TestBase.getTestData(TestBase.java:196)
	at com.komoot.testcases.TC005_SeacrhTourAndLogoutTest.verifySearchTourTest(TC005_SeacrhTourAndLogoutTest.java:30)
	at sun.reflect.NativeMethodAccessorImpl.invoke0(Native Method)
	at sun.reflect.NativeMethodAccessorImpl.invoke(NativeMethodAccessorImpl.java:62)
	at sun.reflect.DelegatingMethodAccessorImpl.invoke(DelegatingMethodAccessorImpl.java:43)
	at java.lang.reflect.Method.invoke(Method.java:498)
	at org.testng.internal.MethodInvocationHelper.invokeMethod(MethodInvocationHelper.java:108)
	at org.testng.internal.Invoker.invokeMethod(Invoker.java:661)
	at org.testng.internal.Invoker.invokeTestMethod(Invoker.java:869)
	at org.testng.internal.Invoker.invokeTestMethods(Invoker.java:1193)
	at org.testng.internal.TestMethodWorker.invokeTestMethods(TestMethodWorker.java:126)
	at org.testng.internal.TestMethodWorker.run(TestMethodWorker.java:109)
	at org.testng.TestRunner.privateRun(TestRunner.java:744)
	at org.testng.TestRunner.run(TestRunner.java:602)
	at org.testng.SuiteRunner.runTest(SuiteRunner.java:380)
	at org.testng.SuiteRunner.runSequentially(SuiteRunner.java:375)
	at org.testng.SuiteRunner.privateRun(SuiteRunner.java:340)
	at org.testng.SuiteRunner.run(SuiteRunner.java:289)
	at org.testng.SuiteRunnerWorker.runSuite(SuiteRunnerWorker.java:52)
	at org.testng.SuiteRunnerWorker.run(SuiteRunnerWorker.java:86)
	at org.testng.TestNG.runSuitesSequentially(TestNG.java:1301)
	at org.testng.TestNG.runSuitesLocally(TestNG.java:1226)
	at org.testng.TestNG.runSuites(TestNG.java:1144)
	at org.testng.TestNG.run(TestNG.java:1115)
	at org.apache.maven.surefire.testng.TestNGExecutor.run(TestNGExecutor.java:295)
	at org.apache.maven.surefire.testng.TestNGXmlTestSuite.execute(TestNGXmlTestSuite.java:84)
	at org.apache.maven.surefire.testng.TestNGProvider.invoke(TestNGProvider.java:90)
	at org.apache.maven.surefire.booter.ForkedBooter.invokeProviderInSameClassLoader(ForkedBooter.java:203)
	at org.apache.maven.surefire.booter.ForkedBooter.runSuitesInProcess(ForkedBooter.java:155)
	at org.apache.maven.surefire.booter.ForkedBooter.main(ForkedBooter.java:103)
]]>
            </full-stacktrace>
          </exception> <!-- java.lang.NullPointerException -->
          <reporter-output>
          </reporter-output>
        </test-method> <!-- verifySearchTourTest -->
        <test-method status="PASS" signature="tearDown_ExtentReport(org.testng.ITestResult)[pri:0, instance:com.komoot.testcases.TC005_SeacrhTourAndLogoutTest@23ceabc1]" name="tearDown_ExtentReport" is-config="true" duration-ms="2899" started-at="2018-05-21T11:58:59Z" finished-at="2018-05-21T11:59:02Z">
          <params>
            <param index="0">
              <value>
                <![CDATA[[TestResult name=verifySearchTourTest status=FAILURE method=TC005_SeacrhTourAndLogoutTest.verifySearchTourTest()[pri:0, instance:com.komoot.testcases.TC005_SeacrhTourAndLogoutTest@23ceabc1] output={null}]]]>
              </value>
            </param>
          </params>
          <reporter-output>
          </reporter-output>
        </test-method> <!-- tearDown_ExtentReport -->
        <test-method status="PASS" signature="postTestRun()[pri:0, instance:com.komoot.testcases.TC005_SeacrhTourAndLogoutTest@23ceabc1]" name="postTestRun" is-config="true" duration-ms="58" started-at="2018-05-21T11:59:02Z" finished-at="2018-05-21T11:59:02Z">
          <reporter-output>
          </reporter-output>
        </test-method> <!-- postTestRun -->
      </class> <!-- com.komoot.testcases.TC005_SeacrhTourAndLogoutTest -->
      <class name="com.komoot.testcases.TC003_HomepageUITest">
        <test-method status="PASS" signature="beforeClass_ExtentReport()[pri:0, instance:com.komoot.testcases.TC003_HomepageUITest@4439f31e]" name="beforeClass_ExtentReport" is-config="true" duration-ms="16167" started-at="2018-05-21T11:57:09Z" finished-at="2018-05-21T11:57:25Z">
          <reporter-output>
          </reporter-output>
        </test-method> <!-- beforeClass_ExtentReport -->
        <test-method status="PASS" signature="initClient_ExtentReport(java.lang.reflect.Method)[pri:0, instance:com.komoot.testcases.TC003_HomepageUITest@4439f31e]" name="initClient_ExtentReport" is-config="true" duration-ms="0" started-at="2018-05-21T11:57:25Z" finished-at="2018-05-21T11:57:25Z">
          <params>
            <param index="0">
              <value>
                <![CDATA[public void com.komoot.testcases.TC003_HomepageUITest.verifyHomepageUITest() throws java.lang.InterruptedException,java.io.FileNotFoundException]]>
              </value>
            </param>
          </params>
          <reporter-output>
          </reporter-output>
        </test-method> <!-- initClient_ExtentReport -->
        <test-method status="PASS" signature="verifyHomepageUITest()[pri:0, instance:com.komoot.testcases.TC003_HomepageUITest@4439f31e]" name="verifyHomepageUITest" duration-ms="27508" started-at="2018-05-21T11:57:25Z" finished-at="2018-05-21T11:57:53Z">
          <reporter-output>
          </reporter-output>
        </test-method> <!-- verifyHomepageUITest -->
        <test-method status="PASS" signature="tearDown_ExtentReport(org.testng.ITestResult)[pri:0, instance:com.komoot.testcases.TC003_HomepageUITest@4439f31e]" name="tearDown_ExtentReport" is-config="true" duration-ms="2840" started-at="2018-05-21T11:57:53Z" finished-at="2018-05-21T11:57:56Z">
          <params>
            <param index="0">
              <value>
                <![CDATA[[TestResult name=verifyHomepageUITest status=SUCCESS method=TC003_HomepageUITest.verifyHomepageUITest()[pri:0, instance:com.komoot.testcases.TC003_HomepageUITest@4439f31e] output={null}]]]>
              </value>
            </param>
          </params>
          <reporter-output>
          </reporter-output>
        </test-method> <!-- tearDown_ExtentReport -->
        <test-method status="PASS" signature="postTestRun()[pri:0, instance:com.komoot.testcases.TC003_HomepageUITest@4439f31e]" name="postTestRun" is-config="true" duration-ms="56" started-at="2018-05-21T11:57:56Z" finished-at="2018-05-21T11:57:56Z">
          <reporter-output>
          </reporter-output>
        </test-method> <!-- postTestRun -->
      </class> <!-- com.komoot.testcases.TC003_HomepageUITest -->
    </test> <!-- High level Test -->
  </suite> <!-- Smoke Test Suite -->
</testng-results>
