<?xml version="1.0" encoding="UTF-8"?>
<testng-results skipped="0" failed="0" ignored="0" total="1" passed="1">
  <reporter-output>
  </reporter-output>
  <suite name="Default suite" duration-ms="51627" started-at="2018-05-21T09:42:33Z" finished-at="2018-05-21T09:43:24Z">
    <groups>
    </groups>
    <test name="Default test" duration-ms="51627" started-at="2018-05-21T09:42:33Z" finished-at="2018-05-21T09:43:24Z">
      <class name="com.komoot.testcases.TC005_SeacrhTourTest">
        <test-method status="PASS" signature="beforeClass_ExtentReport()[pri:0, instance:com.komoot.testcases.TC005_SeacrhTourTest@1f8bee4]" name="beforeClass_ExtentReport" is-config="true" duration-ms="17206" started-at="2018-05-21T11:42:33Z" finished-at="2018-05-21T11:42:50Z">
          <reporter-output>
          </reporter-output>
        </test-method> <!-- beforeClass_ExtentReport -->
        <test-method status="PASS" signature="initClient_ExtentReport(java.lang.reflect.Method)[pri:0, instance:com.komoot.testcases.TC005_SeacrhTourTest@1f8bee4]" name="initClient_ExtentReport" is-config="true" duration-ms="3" started-at="2018-05-21T11:42:50Z" finished-at="2018-05-21T11:42:50Z">
          <params>
            <param index="0">
              <value>
                <![CDATA[public void com.komoot.testcases.TC005_SeacrhTourTest.verifySearchTourTest() throws java.io.FileNotFoundException]]>
              </value>
            </param>
          </params>
          <reporter-output>
          </reporter-output>
        </test-method> <!-- initClient_ExtentReport -->
        <test-method status="PASS" signature="verifySearchTourTest()[pri:0, instance:com.komoot.testcases.TC005_SeacrhTourTest@1f8bee4]" name="verifySearchTourTest" duration-ms="30673" started-at="2018-05-21T11:42:50Z" finished-at="2018-05-21T11:43:21Z">
          <reporter-output>
          </reporter-output>
        </test-method> <!-- verifySearchTourTest -->
        <test-method status="PASS" signature="tearDown_ExtentReport(org.testng.ITestResult)[pri:0, instance:com.komoot.testcases.TC005_SeacrhTourTest@1f8bee4]" name="tearDown_ExtentReport" is-config="true" duration-ms="3650" started-at="2018-05-21T11:43:21Z" finished-at="2018-05-21T11:43:24Z">
          <params>
            <param index="0">
              <value>
                <![CDATA[[TestResult name=verifySearchTourTest status=SUCCESS method=TC005_SeacrhTourTest.verifySearchTourTest()[pri:0, instance:com.komoot.testcases.TC005_SeacrhTourTest@1f8bee4] output={null}]]]>
              </value>
            </param>
          </params>
          <reporter-output>
          </reporter-output>
        </test-method> <!-- tearDown_ExtentReport -->
        <test-method status="PASS" signature="postTestRun()[pri:0, instance:com.komoot.testcases.TC005_SeacrhTourTest@1f8bee4]" name="postTestRun" is-config="true" duration-ms="62" started-at="2018-05-21T11:43:24Z" finished-at="2018-05-21T11:43:24Z">
          <reporter-output>
          </reporter-output>
        </test-method> <!-- postTestRun -->
      </class> <!-- com.komoot.testcases.TC005_SeacrhTourTest -->
    </test> <!-- Default test -->
  </suite> <!-- Default suite -->
</testng-results>
